2025-09-24 14:43:17,566 - INFO - üöÄ Initializing SeleniumBase UC mode for Cloudflare bypass...
2025-09-24 14:43:19,839 - INFO - ‚úÖ SeleniumBase UC driver initialized successfully
2025-09-24 14:43:41,048 - INFO - üöÄ Initializing SeleniumBase UC mode for Cloudflare bypass...
2025-09-24 14:43:43,079 - INFO - ‚úÖ SeleniumBase UC driver initialized successfully
2025-09-24 14:43:49,291 - INFO - Stopping monitoring...
2025-09-24 14:44:14,015 - INFO - üöÄ Initializing SeleniumBase UC mode for Cloudflare bypass...
2025-09-24 14:44:16,092 - INFO - ‚úÖ SeleniumBase UC driver initialized successfully
2025-09-24 14:44:16,093 - INFO - Stopping monitoring...
2025-09-24 14:44:54,227 - INFO - üåê Detected Koyeb deployment - setting up Chrome...
2025-09-24 14:44:54,228 - INFO - üîç Searching for Chrome binary on Koyeb...
2025-09-24 14:44:54,228 - INFO - üîç Debugging - checking all Chrome paths...
2025-09-24 14:44:54,229 - INFO -   /usr/bin/google-chrome: exists=False, executable=False
2025-09-24 14:44:54,229 - INFO -   /usr/bin/google-chrome-stable: exists=False, executable=False
2025-09-24 14:44:54,230 - INFO -   /usr/bin/chromium-browser: exists=False, executable=False
2025-09-24 14:44:54,230 - INFO -   /usr/bin/chromium: exists=False, executable=False
2025-09-24 14:44:54,231 - INFO -   /opt/google/chrome/chrome: exists=False, executable=False
2025-09-24 14:44:54,231 - INFO -   /snap/bin/chromium: exists=False, executable=False
2025-09-24 14:44:54,231 - INFO -   /app/.chrome-for-testing/chrome-linux64/chrome: exists=False, executable=False
2025-09-24 14:44:54,232 - INFO -   /workspace/.chrome/chrome: exists=False, executable=False
2025-09-24 14:44:54,233 - INFO -   /opt/chrome/chrome: exists=False, executable=False
2025-09-24 14:44:54,233 - WARNING - ‚ö†Ô∏è Chrome not found in standard locations, checking installed packages...
2025-09-24 14:44:54,235 - WARNING - Failed to check google-chrome: [WinError 2] The system cannot find the file specified
2025-09-24 14:44:54,236 - WARNING - Failed to check google-chrome-stable: [WinError 2] The system cannot find the file specified
2025-09-24 14:44:54,237 - WARNING - Failed to check chromium-browser: [WinError 2] The system cannot find the file specified
2025-09-24 14:44:54,239 - WARNING - Failed to check chromium: [WinError 2] The system cannot find the file specified
2025-09-24 14:44:54,249 - WARNING - ‚ùå Chrome/Chromium not found on Koyeb! Running comprehensive discovery...
2025-09-24 14:44:54,249 - INFO - üîç CHROME DISCOVERY DEBUG - Starting comprehensive search...
2025-09-24 14:44:54,250 - INFO - 1Ô∏è‚É£ Checking installed packages...
2025-09-24 14:44:54,273 - WARNING -    No Chrome packages found via dpkg
2025-09-24 14:44:54,274 - INFO - 2Ô∏è‚É£ Searching filesystem for Chrome binaries...
2025-09-24 14:44:54,347 - INFO - 3Ô∏è‚É£ Checking environment variables...
2025-09-24 14:44:54,348 - INFO -    CHROME_BIN=<not set>
2025-09-24 14:44:54,348 - INFO -    GOOGLE_CHROME_BIN=<not set>
2025-09-24 14:44:54,349 - INFO -    CHROME_EXECUTABLE=<not set>
2025-09-24 14:44:54,349 - INFO - 4Ô∏è‚É£ Testing Chrome commands...
2025-09-24 14:44:54,351 - INFO -    google-chrome error: [WinError 2] The system cannot find the file specified
2025-09-24 14:44:54,352 - INFO -    google-chrome-stable error: [WinError 2] The system cannot find the file specified
2025-09-24 14:44:54,354 - INFO -    chromium-browser error: [WinError 2] The system cannot find the file specified
2025-09-24 14:44:54,355 - INFO -    chrome error: [WinError 2] The system cannot find the file specified
2025-09-24 14:44:54,355 - INFO - 5Ô∏è‚É£ Listing contents of common Chrome directories...
2025-09-24 14:44:54,356 - ERROR - ‚ùå CHROME DISCOVERY FAILED - Chrome not found anywhere!
2025-09-24 14:44:54,356 - ERROR - üîß Koyeb deployment requires Chrome installation in Dockerfile
2025-09-24 14:44:54,357 - ERROR - üí° Check Dockerfile Chrome installation steps
2025-09-24 14:45:56,736 - INFO - üöÄ Initializing SeleniumBase UC mode for Cloudflare bypass...
2025-09-24 14:45:58,888 - INFO - ‚úÖ SeleniumBase UC driver initialized successfully
2025-09-24 14:46:07,491 - INFO - Stopping monitoring...
2025-09-24 14:54:08,990 - INFO - üåê Detected Koyeb deployment - setting up Chrome...
2025-09-24 14:54:08,991 - INFO - üîç Searching for Chrome binary on Koyeb...
2025-09-24 14:54:08,991 - INFO - üîç Debugging - checking all Chrome paths...
2025-09-24 14:54:08,992 - INFO -   /usr/bin/google-chrome: exists=False, executable=False
2025-09-24 14:54:08,993 - INFO -   /usr/bin/google-chrome-stable: exists=False, executable=False
2025-09-24 14:54:08,993 - INFO -   /usr/bin/chromium-browser: exists=False, executable=False
2025-09-24 14:54:08,994 - INFO -   /usr/bin/chromium: exists=False, executable=False
2025-09-24 14:54:08,994 - INFO -   /opt/google/chrome/chrome: exists=False, executable=False
2025-09-24 14:54:08,995 - INFO -   /snap/bin/chromium: exists=False, executable=False
2025-09-24 14:54:08,995 - INFO -   /app/.chrome-for-testing/chrome-linux64/chrome: exists=False, executable=False
2025-09-24 14:54:08,995 - INFO -   /workspace/.chrome/chrome: exists=False, executable=False
2025-09-24 14:54:08,996 - INFO -   /opt/chrome/chrome: exists=False, executable=False
2025-09-24 14:54:08,996 - WARNING - ‚ö†Ô∏è Chrome not found in standard locations, checking installed packages...
2025-09-24 14:54:08,998 - WARNING - Failed to check google-chrome: [WinError 2] The system cannot find the file specified
2025-09-24 14:54:08,999 - WARNING - Failed to check google-chrome-stable: [WinError 2] The system cannot find the file specified
2025-09-24 14:54:09,001 - WARNING - Failed to check chromium-browser: [WinError 2] The system cannot find the file specified
2025-09-24 14:54:09,002 - WARNING - Failed to check chromium: [WinError 2] The system cannot find the file specified
2025-09-24 14:54:09,012 - WARNING - ‚ùå Chrome/Chromium not found on Koyeb! Running comprehensive discovery...
2025-09-24 14:54:09,013 - INFO - üîç CHROME DISCOVERY DEBUG - Starting comprehensive search...
2025-09-24 14:54:09,013 - INFO - 1Ô∏è‚É£ Checking installed packages...
2025-09-24 14:54:09,036 - WARNING -    No Chrome packages found via dpkg
2025-09-24 14:54:09,036 - INFO - 2Ô∏è‚É£ Searching filesystem for Chrome binaries...
2025-09-24 14:54:09,110 - INFO - 3Ô∏è‚É£ Checking environment variables...
2025-09-24 14:54:09,111 - INFO -    CHROME_BIN=<not set>
2025-09-24 14:54:09,111 - INFO -    GOOGLE_CHROME_BIN=<not set>
2025-09-24 14:54:09,112 - INFO -    CHROME_EXECUTABLE=<not set>
2025-09-24 14:54:09,112 - INFO - 4Ô∏è‚É£ Testing Chrome commands...
2025-09-24 14:54:09,113 - INFO -    google-chrome error: [WinError 2] The system cannot find the file specified
2025-09-24 14:54:09,115 - INFO -    google-chrome-stable error: [WinError 2] The system cannot find the file specified
2025-09-24 14:54:09,116 - INFO -    chromium-browser error: [WinError 2] The system cannot find the file specified
2025-09-24 14:54:09,117 - INFO -    chrome error: [WinError 2] The system cannot find the file specified
2025-09-24 14:54:09,118 - INFO - 5Ô∏è‚É£ Listing contents of common Chrome directories...
2025-09-24 14:54:09,118 - ERROR - ‚ùå CHROME DISCOVERY FAILED - Chrome not found anywhere!
2025-09-24 14:54:09,119 - ERROR - üîß Koyeb deployment requires Chrome installation in Dockerfile
2025-09-24 14:54:09,119 - ERROR - üí° Check Dockerfile Chrome installation steps
